<?xml version="1.0" encoding="UTF-8"?>
<testsuites>
  <testsuite name="/var/www/components/assertionVoter" tests="6" assertions="9" failures="0" errors="0" time="0.077537">
    <testsuite name="BWC\Component\AssertionVoter\Tests\DecisionManagerTest" file="/var/www/components/assertionVoter/src/BWC/Component/AssertionVoter/Tests/DecisionManagerTest.php" namespace="BWC\Component\AssertionVoter\Tests" fullPackage="BWC.Component.AssertionVoter.Tests" tests="3" assertions="6" failures="0" errors="0" time="0.061665">
      <testcase name="evaluateShouldReturnArray" class="BWC\Component\AssertionVoter\Tests\DecisionManagerTest" file="/var/www/components/assertionVoter/src/BWC/Component/AssertionVoter/Tests/DecisionManagerTest.php" line="12" assertions="3" time="0.051374"/>
      <testcase name="evaluateShouldReturnEmptyArray" class="BWC\Component\AssertionVoter\Tests\DecisionManagerTest" file="/var/www/components/assertionVoter/src/BWC/Component/AssertionVoter/Tests/DecisionManagerTest.php" line="30" assertions="3" time="0.007953"/>
      <testcase name="createVoterInterfaceMock" class="BWC\Component\AssertionVoter\Tests\DecisionManagerTest" file="/var/www/components/assertionVoter/src/BWC/Component/AssertionVoter/Tests/DecisionManagerTest.php" line="47" assertions="0" time="0.002338"/>
    </testsuite>
    <testsuite name="BWC\Component\AssertionVoter\Tests\VoterSimpleTest" file="/var/www/components/assertionVoter/src/BWC/Component/AssertionVoter/Tests/VoterSimpleTest.php" namespace="BWC\Component\AssertionVoter\Tests" fullPackage="BWC.Component.AssertionVoter.Tests" tests="3" assertions="3" failures="0" errors="0" time="0.015872">
      <testcase name="shouldBeConstructedWithArguments" class="BWC\Component\AssertionVoter\Tests\VoterSimpleTest" file="/var/www/components/assertionVoter/src/BWC/Component/AssertionVoter/Tests/VoterSimpleTest.php" line="11" assertions="0" time="0.005780"/>
      <testcase name="shouldReturnNullAfterVoting" class="BWC\Component\AssertionVoter\Tests\VoterSimpleTest" file="/var/www/components/assertionVoter/src/BWC/Component/AssertionVoter/Tests/VoterSimpleTest.php" line="25" assertions="1" time="0.005110"/>
      <testcase name="shouldReturnRoleStringAfterVoting" class="BWC\Component\AssertionVoter\Tests\VoterSimpleTest" file="/var/www/components/assertionVoter/src/BWC/Component/AssertionVoter/Tests/VoterSimpleTest.php" line="33" assertions="2" time="0.004982"/>
    </testsuite>
  </testsuite>
</testsuites>
